<?xml version="1.0" encoding="UTF-8"?>
<testsuite xmlns:xsi="http://www.w3.org/2001/XMLSchema-instance" xsi:noNamespaceSchemaLocation="https://maven.apache.org/surefire/maven-surefire-plugin/xsd/surefire-test-report.xsd" name="top.lrshuai.cloud.scheduled.SpringcloudScheduledAdminApplicationTests" time="0.913" tests="1" errors="1" skipped="0" failures="0">
  <properties>
[...]
</properties>
  <testcase name="top.lrshuai.cloud.scheduled.SpringcloudScheduledAdminApplicationTests" classname="top.lrshuai.cloud.scheduled.SpringcloudScheduledAdminApplicationTests" time="0.911">
    <error message="Unable to find a @SpringBootConfiguration, you need to use @ContextConfiguration or @SpringBootTest(classes=...) with your test" type="java.lang.IllegalStateException">java.lang.IllegalStateException: Unable to find a @SpringBootConfiguration, you need to use @ContextConfiguration or @SpringBootTest(classes=...) with your test
</error>
    <system-out><![CDATA[12:06:15.174 logback [main] INFO  o.s.b.t.c.SpringBootTestContextBootstrapper - Neither @ContextConfiguration nor @ContextHierarchy found for test class [top.lrshuai.cloud.scheduled.SpringcloudScheduledAdminApplicationTests], using SpringBootContextLoader
12:06:15.199 logback [main] INFO  o.s.t.c.s.AbstractContextLoader - Could not detect default resource locations for test class [top.lrshuai.cloud.scheduled.SpringcloudScheduledAdminApplicationTests]: no resource found for suffixes {-context.xml, Context.groovy}.
12:06:15.202 logback [main] INFO  o.s.t.c.s.AnnotationConfigContextLoaderUtils - Could not detect default configuration classes for test class [top.lrshuai.cloud.scheduled.SpringcloudScheduledAdminApplicationTests]: SpringcloudScheduledAdminApplicationTests does not declare any static, non-private, non-final, nested classes annotated with @Configuration.
]]></system-out>
  </testcase>
</testsuite>