-------------------------------------------------------------------------------
Test set: top.lrshuai.cloud.scheduled.SpringcloudScheduledAdminApplicationTests
-------------------------------------------------------------------------------
Tests run: 1, Failures: 0, Errors: 1, Skipped: 0, Time elapsed: 0.913 s <<< FAILURE! - in top.lrshuai.cloud.scheduled.SpringcloudScheduledAdminApplicationTests
top.lrshuai.cloud.scheduled.SpringcloudScheduledAdminApplicationTests  Time elapsed: 0.911 s  <<< ERROR!
java.lang.IllegalStateException: Unable to find a @SpringBootConfiguration, you need to use @ContextConfiguration or @SpringBootTest(classes=...) with your test

